
                             Synplify (R) Premier 

                Version O-2018.09-SP1 for RHEL64 - Nov 27, 2018 

                    Copyright (c) 1988 - 2018 Synopsys, Inc.
   This software and the associated documentation are proprietary to Synopsys,
 Inc. This software may only be used in accordance with the terms and conditions
 of a written license agreement with Synopsys, Inc. All other use, reproduction,
            or distribution of this software is strictly prohibited.

Starting:    /vol/synopsys/fpga/O-2018.09-SP1/linux_a_64/mbin/synplify
Install:     /vol/synopsys/fpga/O-2018.09-SP1
Hostname:    moore.wot.eecs.northwestern.edu
Date:        Thu Feb 27 01:34:33 2025
Version:     O-2018.09-SP1

Arguments:   -product synplify_premier
ProductType: synplify_premier

License checkout: synplifypremierdp
License: synplifypremierdp from server synopsyslm.ece.northwestern.edu (Using premium license)
Licensed Vendor: All FPGA
License Option: ident



log file: "/home/icl5712/GitHub/CE387/Lab6/sv/rev_1/cordic.srr"
Running: rev_1 in foreground

Running proj_1|rev_1

Running Flow: compile (Compile) on proj_1|rev_1
# Thu Feb 27 01:34:53 2025

Running Flow: compile_flow (Compile Process) on proj_1|rev_1
# Thu Feb 27 01:34:53 2025
License granted for 4 parallel jobs

Running: compiler (Compile Input) on proj_1|rev_1
# Thu Feb 27 01:34:53 2025
Copied /home/icl5712/GitHub/CE387/Lab6/sv/rev_1/synwork/cordic_comp.srs to /home/icl5712/GitHub/CE387/Lab6/sv/rev_1/cordic.srs

compiler completed
# Thu Feb 27 01:34:58 2025

Return Code: 0
Run Time:00h:00m:05s

Running: multi_srs_gen (Multi-srs Generator) on proj_1|rev_1
# Thu Feb 27 01:34:58 2025

multi_srs_gen completed
# Thu Feb 27 01:34:58 2025

Return Code: 0
Run Time:00h:00m:00s
Copied /home/icl5712/GitHub/CE387/Lab6/sv/rev_1/synwork/cordic_mult.srs to /home/icl5712/GitHub/CE387/Lab6/sv/rev_1/cordic.srs
Complete: Compile Process on proj_1|rev_1

Running: premap (Premap) on proj_1|rev_1
# Thu Feb 27 01:34:58 2025

premap completed with warnings
# Thu Feb 27 01:34:59 2025

Return Code: 1
Run Time:00h:00m:01s
Complete: Compile on proj_1|rev_1

Running Flow: map (Map) on proj_1|rev_1
# Thu Feb 27 01:34:59 2025
License granted for 4 parallel jobs

Running: fpga_mapper (Map & Optimize) on proj_1|rev_1
# Thu Feb 27 01:34:59 2025
Copied /home/icl5712/GitHub/CE387/Lab6/sv/rev_1/synwork/cordic_m.srm to /home/icl5712/GitHub/CE387/Lab6/sv/rev_1/cordic.srm

fpga_mapper completed with warnings
# Thu Feb 27 01:35:13 2025

Return Code: 1
Run Time:00h:00m:14s
Complete: Map on proj_1|rev_1
Complete: Logic Synthesis on proj_1|rev_1
0Mouse stroke not recognized
1WARNING:  No database file, or it is out of date.
INFO:  Resetting Correlation database
WARNING:  No database file, or it is out of date.
INFO:  Target Implementation: /home/icl5712/GitHub/CE387/Lab6/sv/proj_1.prj|rev_1
INFO:  **** *_synplify.sdc verification mode  *****
Copied /home/icl5712/GitHub/CE387/Lab6/sv/rev_1/cordic.srr to /home/icl5712/GitHub/CE387/Lab6/sv/rev_1/backup/cordic.srr
log file: "/home/icl5712/GitHub/CE387/Lab6/sv/rev_1/cordic.srr"
Running: timing in foreground

running timing analysis on /home/icl5712/GitHub/CE387/Lab6/sv/rev_1/cordic.srd

Running: timing (Timing Analysis) on proj_1|rev_1
# Thu Feb 27 01:37:41 2025

timing completed with warnings
# Thu Feb 27 01:37:42 2025

Return Code: 1
Run Time:00h:00m:01s
INFO:  Running with: effort = high, paths per endpoint = 1, sorted by = slack, QOR mode = 1 
 
INFO:  Exiting after *.itd file creation, correlation check not run. 
 
0
/home/icl5712/GitHub/CE387/Lab6/sv/rev_1/sdc_verif_slack.xml /home/icl5712/GitHub/CE387/Lab6/sv/rev_1/sdc_verif_slack_match.xmlexit status=0
License checkin: synplifypremierdp
