
Copyright (C) 1994-2018 Synopsys, Inc.
This Synopsys software and all associated documentation are proprietary to Synopsys, Inc.
and may only be used pursuant to the terms and conditions of a written license agreement
with Synopsys, Inc. All other use, reproduction, modification, or distribution of the
Synopsys software or the associated documentation is strictly prohibited.
Tool: Synplify (R) Premier
Build: O-2018.09-SP1
Install: /vol/synopsys/fpga/O-2018.09-SP1
OS: Red Hat Enterprise Linux 8.10 (Ootpa)
Hostname: moore.wot.eecs.northwestern.edu
max virtual memory: unlimited (bytes)
max user processes: 1028009
max stack size: 8388608 (bytes)


Implementation : rev_2
Synopsys HDL compiler and linker, Version comp2018q4p1, Build 004R, Built Nov 27 2018 21:19:49

Modified Files: 17
FID:  path (prevtimestamp, timestamp)
0        /home/icl5712/GitHub/CE387/Lab3/background_subtract.sv (N/A, 2025-01-28 01:03:29)
1        /home/icl5712/GitHub/CE387/Lab3/fifo.sv (N/A, 2025-01-28 22:06:51)
2        /home/icl5712/GitHub/CE387/Lab3/grayscale.sv (N/A, 2025-01-28 01:03:29)
3        /home/icl5712/GitHub/CE387/Lab3/highlight.sv (N/A, 2025-01-28 23:39:31)
4        /home/icl5712/GitHub/CE387/Lab3/motion_detect_tb.sv (N/A, 2025-01-29 01:06:29)
5        /home/icl5712/GitHub/CE387/Lab3/motion_detect_top.sv (N/A, 2025-01-28 23:40:20)
6        /home/icl5712/GitHub/CE387/Lab3/rev_2/synwork//distcomp/distcomp0/distcomp0.xmr (N/A, 2025-01-29 01:07:38)
7        /vol/synopsys/fpga/O-2018.09-SP1/lib/altera/altera.v (N/A, 2018-11-27 23:10:11)
8        /vol/synopsys/fpga/O-2018.09-SP1/lib/altera/quartus_prime181/altera_lpm.v (N/A, 2018-11-27 23:10:39)
9        /vol/synopsys/fpga/O-2018.09-SP1/lib/altera/quartus_prime181/altera_mf.v (N/A, 2018-11-27 23:10:39)
10       /vol/synopsys/fpga/O-2018.09-SP1/lib/altera/quartus_prime181/altera_primitives.v (N/A, 2018-11-27 23:10:39)
11       /vol/synopsys/fpga/O-2018.09-SP1/lib/altera/quartus_prime181/cycloneive.v (N/A, 2018-11-27 23:10:40)
12       /vol/synopsys/fpga/O-2018.09-SP1/lib/synip/hcei/zceistubs.v (N/A, 2018-11-27 23:12:11)
13       /vol/synopsys/fpga/O-2018.09-SP1/lib/vlog/hypermods.v (N/A, 2018-11-27 23:17:48)
14       /vol/synopsys/fpga/O-2018.09-SP1/lib/vlog/scemi_objects.v (N/A, 2018-11-27 23:17:48)
15       /vol/synopsys/fpga/O-2018.09-SP1/lib/vlog/scemi_pipes.svh (N/A, 2018-11-27 23:17:48)
16       /vol/synopsys/fpga/O-2018.09-SP1/lib/vlog/umr_capim.v (N/A, 2018-08-08 02:43:25)

*******************************************************************
Modules that may have changed as a result of file changes: 6
MID:  lib.cell.view
0        work.background_subtract.verilog may have changed because the following files changed:
                        /home/icl5712/GitHub/CE387/Lab3/background_subtract.sv (N/A, 2025-01-28 01:03:29) <-- (module definition)
                        /home/icl5712/GitHub/CE387/Lab3/motion_detect_tb.sv (N/A, 2025-01-29 01:06:29) <-- (may instantiate this module)
                        /home/icl5712/GitHub/CE387/Lab3/motion_detect_top.sv (N/A, 2025-01-28 23:40:20) <-- (may instantiate this module)
1        work.fifo.verilog may have changed because the following files changed:
                        /home/icl5712/GitHub/CE387/Lab3/fifo.sv (N/A, 2025-01-28 22:06:51) <-- (module definition)
                        /home/icl5712/GitHub/CE387/Lab3/motion_detect_tb.sv (N/A, 2025-01-29 01:06:29) <-- (may instantiate this module)
                        /home/icl5712/GitHub/CE387/Lab3/motion_detect_top.sv (N/A, 2025-01-28 23:40:20) <-- (may instantiate this module)
2        work.grayscale.verilog may have changed because the following files changed:
                        /home/icl5712/GitHub/CE387/Lab3/grayscale.sv (N/A, 2025-01-28 01:03:29) <-- (module definition)
                        /home/icl5712/GitHub/CE387/Lab3/motion_detect_tb.sv (N/A, 2025-01-29 01:06:29) <-- (may instantiate this module)
                        /home/icl5712/GitHub/CE387/Lab3/motion_detect_top.sv (N/A, 2025-01-28 23:40:20) <-- (may instantiate this module)
3        work.highlight.verilog may have changed because the following files changed:
                        /home/icl5712/GitHub/CE387/Lab3/highlight.sv (N/A, 2025-01-28 23:39:31) <-- (module definition)
                        /home/icl5712/GitHub/CE387/Lab3/motion_detect_tb.sv (N/A, 2025-01-29 01:06:29) <-- (may instantiate this module)
                        /home/icl5712/GitHub/CE387/Lab3/motion_detect_top.sv (N/A, 2025-01-28 23:40:20) <-- (may instantiate this module)
4        work.motion_detect_tb.verilog may have changed because the following files changed:
                        /home/icl5712/GitHub/CE387/Lab3/motion_detect_tb.sv (N/A, 2025-01-29 01:06:29) <-- (module definition)
5        work.motion_detect_top.verilog may have changed because the following files changed:
                        /home/icl5712/GitHub/CE387/Lab3/motion_detect_tb.sv (N/A, 2025-01-29 01:06:29) <-- (may instantiate this module)
                        /home/icl5712/GitHub/CE387/Lab3/motion_detect_top.sv (N/A, 2025-01-28 23:40:20) <-- (module definition)

*******************************************************************
Unmodified files: 0
FID:  path (timestamp)

*******************************************************************
Unchanged modules: 0
MID:  lib.cell.view
