##### START OF AREA REPORT #####[
Design view:work.sobel_top(verilog)
Selecting part EP4CE6E22A7

Total combinational functions 34135 of 6272 (544%)
Logic element usage by number of inputs
		  4 input functions 	 20879
		  3 input functions 	 12933
		  <=2 input functions 	 323
Logic elements by mode
		  normal mode            33841
		  arithmetic mode        294
Total registers 17385 of 6272 (277%)
I/O pins 38 of 180 (21%), total I/O based on largest package of this part.

Number of I/O registers
			Input DDRs    :0
			Output DDRs   :0

DSP Blocks:     0  (0 nine-bit DSP elements).
DSP Utilization: 0.00% of available 15 blocks (30 nine-bit).
ShiftTap:       0  (0 registers)
Total ESB:      10240 bits 

##### END OF AREA REPORT #####]

