/vol/synopsys/fpga/O-2018.09-SP1/bin/m_altera  -prodtype  synplify_premier  -encrypt  -pro  -rundir  /home/icl5712/GitHub/CE387/Lab3/rev_3   -part EP4CE6EA22-7    -maxfan 30 -verification_mode 0 -infer_seqShift -pipe -fixgatedclocks 1 -fixgeneratedclocks 1 -syn_altera_model on -mif_files_dirs " " -synthesis_strategy advanced -continue_on_error -validate_mif_files -reporting_ctd 0 -RWCheckOnRam 1 -summaryfile /home/icl5712/GitHub/CE387/Lab3/rev_3/synlog/report/background_subtract_fpga_mapper.xml -merge_inferred_clocks 0  -map  -licensetype  synplifypremierdp  -flow mapping  -mp  4  -prjfile  /home/icl5712/GitHub/CE387/Lab3/rev_3/scratchproject.prs  -implementation  rev_3  -multisrs  -vqm41  -ovqm  /home/icl5712/GitHub/CE387/Lab3/rev_3/background_subtract.vqm   -autoconstraint  -freq 1.000   /home/icl5712/GitHub/CE387/Lab3/rev_3/synwork/background_subtract_prem.srd  -sap  /home/icl5712/GitHub/CE387/Lab3/rev_3/background_subtract.sap  -otap  /home/icl5712/GitHub/CE387/Lab3/rev_3/background_subtract.tap  -omap  /home/icl5712/GitHub/CE387/Lab3/rev_3/background_subtract.map  -devicelib  /vol/synopsys/fpga/O-2018.09-SP1/lib/altera/altera.v  -devicelib  /vol/synopsys/fpga/O-2018.09-SP1/lib/altera/quartus_prime181/cycloneive.v  -devicelib  /vol/synopsys/fpga/O-2018.09-SP1/lib/altera/quartus_prime181/altera_mf.v  -devicelib  /vol/synopsys/fpga/O-2018.09-SP1/lib/altera/quartus_prime181/altera_lpm.v  -devicelib  /vol/synopsys/fpga/O-2018.09-SP1/lib/altera/quartus_prime181/altera_primitives.v  -sap  /home/icl5712/GitHub/CE387/Lab3/rev_3/background_subtract.sap  -ologparam  /home/icl5712/GitHub/CE387/Lab3/rev_3/syntmp/background_subtract.plg  -osyn  /home/icl5712/GitHub/CE387/Lab3/rev_3/background_subtract.srm  -prjdir  /home/icl5712/GitHub/CE387/Lab3/  -prjname  proj_1  -log  /home/icl5712/GitHub/CE387/Lab3/rev_3/synlog/background_subtract_fpga_mapper.srr  -sn  2018.09  -jobname  "fpga_mapper" 
relcom:/vol/synopsys/fpga/O-2018.09-SP1/bin/m_altera -prodtype synplify_premier -encrypt -pro -rundir ../../rev_3 -part EP4CE6EA22-7 -maxfan 30 -verification_mode 0 -infer_seqShift -pipe -fixgatedclocks 1 -fixgeneratedclocks 1 -syn_altera_model on -mif_files_dirs " " -synthesis_strategy advanced -continue_on_error -validate_mif_files -reporting_ctd 0 -RWCheckOnRam 1 -summaryfile ../synlog/report/background_subtract_fpga_mapper.xml -merge_inferred_clocks 0 -map -licensetype synplifypremierdp -flow mapping -mp 4 -prjfile ../scratchproject.prs -implementation rev_3 -multisrs -vqm41 -ovqm ../background_subtract.vqm -autoconstraint -freq 1.000 ../synwork/background_subtract_prem.srd -sap ../background_subtract.sap -otap ../background_subtract.tap -omap ../background_subtract.map -devicelib /vol/synopsys/fpga/O-2018.09-SP1/lib/altera/altera.v -devicelib /vol/synopsys/fpga/O-2018.09-SP1/lib/altera/quartus_prime181/cycloneive.v -devicelib /vol/synopsys/fpga/O-2018.09-SP1/lib/altera/quartus_prime181/altera_mf.v -devicelib /vol/synopsys/fpga/O-2018.09-SP1/lib/altera/quartus_prime181/altera_lpm.v -devicelib /vol/synopsys/fpga/O-2018.09-SP1/lib/altera/quartus_prime181/altera_primitives.v -sap ../background_subtract.sap -ologparam background_subtract.plg -osyn ../background_subtract.srm -prjdir ../../ -prjname proj_1 -log ../synlog/background_subtract_fpga_mapper.srr -sn 2018.09 -jobname "fpga_mapper"
rc:1 success:1 runtime:6
file:../scratchproject.prs|io:o|time:1738134529|size:2079|exec:0|csum:
file:../background_subtract.vqm|io:o|time:1738134540|size:284234|exec:0|csum:
file:../synwork/background_subtract_prem.srd|io:i|time:1738134534|size:27061|exec:0|csum:311B4527C864B8E6566BBEA170CCE581
file:../background_subtract.sap|io:o|time:1738134534|size:1233|exec:0|csum:
file:../background_subtract.tap|io:o|time:0|size:-1|exec:0|csum:
file:../background_subtract.map|io:o|time:1738134540|size:27|exec:0|csum:
file:/vol/synopsys/fpga/O-2018.09-SP1/lib/altera/altera.v|io:i|time:1543381811|size:761|exec:0|csum:530DBF8BEE396EFE8B33F0255371F1EA
file:/vol/synopsys/fpga/O-2018.09-SP1/lib/altera/quartus_prime181/cycloneive.v|io:i|time:1543381840|size:248626|exec:0|csum:B7FC851277DB49C2CA5F418047EB2E4F
file:/vol/synopsys/fpga/O-2018.09-SP1/lib/altera/quartus_prime181/altera_mf.v|io:i|time:1543381839|size:2618882|exec:0|csum:84794777C52804010B1D63698E285DB9
file:/vol/synopsys/fpga/O-2018.09-SP1/lib/altera/quartus_prime181/altera_lpm.v|io:i|time:1543381839|size:14867|exec:0|csum:01D82E1D5975CD832C9D765243E5182D
file:/vol/synopsys/fpga/O-2018.09-SP1/lib/altera/quartus_prime181/altera_primitives.v|io:i|time:1543381839|size:35286|exec:0|csum:C0AAD8CA21730C472D624582C058B929
file:../background_subtract.sap|io:o|time:1738134534|size:1233|exec:0|csum:
file:background_subtract.plg|io:o|time:1738134540|size:576|exec:0|csum:
file:../background_subtract.srm|io:o|time:1738134540|size:53820|exec:0|csum:
file:../synlog/background_subtract_fpga_mapper.srr|io:o|time:1738134540|size:118425|exec:0|csum:
file:/vol/synopsys/fpga/O-2018.09-SP1/linux_a_64/m_altera|io:i|time:1543382473|size:31613712|exec:1|csum:5FBEB6EEDF3364EAF4B7F14711D19D39
file:/vol/synopsys/fpga/O-2018.09-SP1/bin/m_altera|io:i|time:1543381999|size:347|exec:1|csum:04851DFC0CBB288ED81DA3E420127D0D
