/vol/synopsys/fpga/O-2018.09-SP1/bin/c_hdl  -osyn  /home/icl5712/GitHub/CE387/Lab3/rev_3/synwork/background_subtract_comp.srs  -hdllog  /home/icl5712/GitHub/CE387/Lab3/rev_3/synlog/background_subtract_compiler.srr  -encrypt  -mp  4  -prodtype  synplify_premier  -licensetype  synplifypremierdp  -distcompmode 1 -verification_mode 0  -verilog  -prodtype  synplify_premier  -verification_mode 0 -infer_seqShift -primux -fixsmult -dspmac -nram -divnmod -continue_on_error -nostructver   -I /home/icl5712/GitHub/CE387/Lab3/  -I /vol/synopsys/fpga/O-2018.09-SP1/lib   -sysv  -devicelib  /vol/synopsys/fpga/O-2018.09-SP1/lib/altera/altera.v  -devicelib  /vol/synopsys/fpga/O-2018.09-SP1/lib/altera/quartus_prime181/cycloneive.v  -devicelib  /vol/synopsys/fpga/O-2018.09-SP1/lib/altera/quartus_prime181/altera_mf.v  -devicelib  /vol/synopsys/fpga/O-2018.09-SP1/lib/altera/quartus_prime181/altera_lpm.v  -devicelib  /vol/synopsys/fpga/O-2018.09-SP1/lib/altera/quartus_prime181/altera_primitives.v  -encrypt  -pro  -dmgen  /home/icl5712/GitHub/CE387/Lab3/rev_3/dm  -auto_infer_blackbox 0 -proto -ui -fid2 -ram -sharing on -ll 2000 -autosm  -D_MULTIPLE_FILE_COMPILATION_UNIT_  -fast_synthesis 0  -lib work -fsysv /home/icl5712/GitHub/CE387/Lab3/motion_detect_top.sv -lib work -fsysv /home/icl5712/GitHub/CE387/Lab3/highlight.sv -lib work -fsysv /home/icl5712/GitHub/CE387/Lab3/grayscale.sv -lib work -fsysv /home/icl5712/GitHub/CE387/Lab3/fifo.sv -lib work -fsysv /home/icl5712/GitHub/CE387/Lab3/background_subtract.sv  -jobname  "compiler" 
relcom:/vol/synopsys/fpga/O-2018.09-SP1/bin/c_hdl -osyn ../synwork/background_subtract_comp.srs -hdllog ../synlog/background_subtract_compiler.srr -encrypt -mp 4 -prodtype synplify_premier -licensetype synplifypremierdp -distcompmode 1 -verification_mode 0 -verilog -prodtype synplify_premier -verification_mode 0 -infer_seqShift -primux -fixsmult -dspmac -nram -divnmod -continue_on_error -nostructver -I ../../ -I /vol/synopsys/fpga/O-2018.09-SP1/lib -sysv -devicelib /vol/synopsys/fpga/O-2018.09-SP1/lib/altera/altera.v -devicelib /vol/synopsys/fpga/O-2018.09-SP1/lib/altera/quartus_prime181/cycloneive.v -devicelib /vol/synopsys/fpga/O-2018.09-SP1/lib/altera/quartus_prime181/altera_mf.v -devicelib /vol/synopsys/fpga/O-2018.09-SP1/lib/altera/quartus_prime181/altera_lpm.v -devicelib /vol/synopsys/fpga/O-2018.09-SP1/lib/altera/quartus_prime181/altera_primitives.v -encrypt -pro -dmgen ../dm -auto_infer_blackbox 0 -proto -ui -fid2 -ram -sharing on -ll 2000 -autosm -D_MULTIPLE_FILE_COMPILATION_UNIT_ -fast_synthesis 0 -lib work -fsysv ../../motion_detect_top.sv -lib work -fsysv ../../highlight.sv -lib work -fsysv ../../grayscale.sv -lib work -fsysv ../../fifo.sv -lib work -fsysv ../../background_subtract.sv -jobname "compiler"
rc:0 success:1 runtime:4
file:../synwork/background_subtract_comp.srs|io:o|time:1738134532|size:12856|exec:0|csum:
file:../synlog/background_subtract_compiler.srr|io:o|time:1738134532|size:12829|exec:0|csum:
file:/vol/synopsys/fpga/O-2018.09-SP1/lib/altera/altera.v|io:i|time:1543381811|size:761|exec:0|csum:530DBF8BEE396EFE8B33F0255371F1EA
file:/vol/synopsys/fpga/O-2018.09-SP1/lib/altera/quartus_prime181/cycloneive.v|io:i|time:1543381840|size:248626|exec:0|csum:B7FC851277DB49C2CA5F418047EB2E4F
file:/vol/synopsys/fpga/O-2018.09-SP1/lib/altera/quartus_prime181/altera_mf.v|io:i|time:1543381839|size:2618882|exec:0|csum:84794777C52804010B1D63698E285DB9
file:/vol/synopsys/fpga/O-2018.09-SP1/lib/altera/quartus_prime181/altera_lpm.v|io:i|time:1543381839|size:14867|exec:0|csum:01D82E1D5975CD832C9D765243E5182D
file:/vol/synopsys/fpga/O-2018.09-SP1/lib/altera/quartus_prime181/altera_primitives.v|io:i|time:1543381839|size:35286|exec:0|csum:C0AAD8CA21730C472D624582C058B929
file:./-fsysv|io:i|time:0|size:-1|exec:0|csum:
file:../../motion_detect_top.sv|io:i|time:1738129220|size:6727|exec:0|csum:A51B2ACBAAAB489D5223951D933DC1B9
file:./-fsysv|io:i|time:0|size:-1|exec:0|csum:
file:../../highlight.sv|io:i|time:1738129171|size:2440|exec:0|csum:0425B0B88BC47A17F5BD453BB6A95C32
file:./-fsysv|io:i|time:0|size:-1|exec:0|csum:
file:../../grayscale.sv|io:i|time:1738047809|size:2797|exec:0|csum:C2A836A28102E28422EEA996CFB7D418
file:./-fsysv|io:i|time:0|size:-1|exec:0|csum:
file:../../fifo.sv|io:i|time:1738123611|size:2355|exec:0|csum:AA338434AFE558CA563B1F5E6282748E
file:./-fsysv|io:i|time:0|size:-1|exec:0|csum:
file:../../background_subtract.sv|io:i|time:1738047809|size:2409|exec:0|csum:FBE383C1017180E2EF0FAFE5B66954AD
file:/vol/synopsys/fpga/O-2018.09-SP1/linux_a_64/c_hdl|io:i|time:1543382462|size:8760008|exec:1|csum:CF968C540087EF9F5288FFCDBF191EA5
file:/vol/synopsys/fpga/O-2018.09-SP1/bin/c_hdl|io:i|time:1543382354|size:367|exec:1|csum:E52A0D56112AD6C22F02B648B6F508CE
