
                             Synplify (R) Premier 

                Version O-2018.09-SP1 for RHEL64 - Nov 27, 2018 

                    Copyright (c) 1988 - 2018 Synopsys, Inc.
   This software and the associated documentation are proprietary to Synopsys,
 Inc. This software may only be used in accordance with the terms and conditions
 of a written license agreement with Synopsys, Inc. All other use, reproduction,
            or distribution of this software is strictly prohibited.

Starting:    /vol/synopsys/fpga/O-2018.09-SP1/linux_a_64/mbin/synplify
Install:     /vol/synopsys/fpga/O-2018.09-SP1
Hostname:    moore.wot.eecs.northwestern.edu
Date:        Sun Feb  9 01:52:00 2025
Version:     O-2018.09-SP1

Arguments:   -product synplify_premier
ProductType: synplify_premier

License checkout: synplifypremierdp
License: synplifypremierdp from server synopsyslm.ece.northwestern.edu (Using premium license)
Licensed Vendor: All FPGA
License Option: ident



log file: "/home/icl5712/GitHub/CE387/Lab4/sv/rev_1/sobel_top.srr"
Running: rev_1 in foreground

Running proj_1|rev_1

Running Flow: compile (Compile) on proj_1|rev_1
# Sun Feb  9 01:52:14 2025

Running Flow: compile_flow (Compile Process) on proj_1|rev_1
# Sun Feb  9 01:52:14 2025
License granted for 4 parallel jobs

Running: compiler (Compile Input) on proj_1|rev_1
# Sun Feb  9 01:52:14 2025
Copied /home/icl5712/GitHub/CE387/Lab4/sv/rev_1/synwork/sobel_top_comp.srs to /home/icl5712/GitHub/CE387/Lab4/sv/rev_1/sobel_top.srs
compiler exited with errors
Job failed on: proj_1|rev_1

Job: "compiler" terminated with error status: 2
See log file: "/home/icl5712/GitHub/CE387/Lab4/sv/rev_1/synlog/sobel_top_compiler.srr"
# Sun Feb  9 01:52:18 2025

Return Code: 2
Run Time:00h:00m:04s
Complete: Compile Process on proj_1|rev_1
Complete: Compile on proj_1|rev_1
Complete: Logic Synthesis on proj_1|rev_1
0Warning: File already exists in project: "/home/icl5712/GitHub/CE387/Lab4/sv/sobel_top.sv"
Copied /home/icl5712/GitHub/CE387/Lab4/sv/rev_1/sobel_top.srr to /home/icl5712/GitHub/CE387/Lab4/sv/rev_1/backup/sobel_top.srr
log file: "/home/icl5712/GitHub/CE387/Lab4/sv/rev_1/sobel_top.srr"
Running: rev_1 in foreground

Running proj_1|rev_1

Running Flow: compile (Compile) on proj_1|rev_1
# Sun Feb  9 01:52:53 2025

Running Flow: compile_flow (Compile Process) on proj_1|rev_1
# Sun Feb  9 01:52:53 2025
License granted for 4 parallel jobs

Running: compiler (Compile Input) on proj_1|rev_1
# Sun Feb  9 01:52:53 2025
Copied /home/icl5712/GitHub/CE387/Lab4/sv/rev_1/synwork/sobel_top_comp.srs to /home/icl5712/GitHub/CE387/Lab4/sv/rev_1/sobel_top.srs

compiler completed
# Sun Feb  9 01:55:32 2025

Return Code: 0
Run Time:00h:02m:39s

Running: multi_srs_gen (Multi-srs Generator) on proj_1|rev_1
# Sun Feb  9 01:55:32 2025

multi_srs_gen completed
# Sun Feb  9 01:55:32 2025

Return Code: 0
Run Time:00h:00m:00s
Copied /home/icl5712/GitHub/CE387/Lab4/sv/rev_1/synwork/sobel_top_mult.srs to /home/icl5712/GitHub/CE387/Lab4/sv/rev_1/sobel_top.srs
Complete: Compile Process on proj_1|rev_1

Running: premap (Premap) on proj_1|rev_1
# Sun Feb  9 01:55:32 2025

premap completed with warnings
# Sun Feb  9 01:56:57 2025

Return Code: 1
Run Time:00h:01m:25s
Complete: Compile on proj_1|rev_1

Running Flow: map (Map) on proj_1|rev_1
# Sun Feb  9 01:56:57 2025
License granted for 4 parallel jobs

Running: fpga_mapper (Map & Optimize) on proj_1|rev_1
# Sun Feb  9 01:56:57 2025
Copied /home/icl5712/GitHub/CE387/Lab4/sv/rev_1/synwork/sobel_top_m.srm to /home/icl5712/GitHub/CE387/Lab4/sv/rev_1/sobel_top.srm
fpga_mapper exited with errors
Job failed on: proj_1|rev_1

Job: "fpga_mapper" terminated with error status: 2
See log file: "/home/icl5712/GitHub/CE387/Lab4/sv/rev_1/synlog/sobel_top_fpga_mapper.srr"
# Sun Feb  9 02:04:25 2025

Return Code: 2
Run Time:00h:07m:28s
Complete: Map on proj_1|rev_1
Complete: Logic Synthesis on proj_1|rev_1
21WARNING:  No database file, or it is out of date.
INFO:  Resetting Correlation database
WARNING:  No database file, or it is out of date.
INFO:  Target Implementation: /home/icl5712/GitHub/CE387/Lab4/sv/proj_1.prj|rev_1
INFO:  **** *_synplify.sdc verification mode  *****
log file: "/home/icl5712/GitHub/CE387/Lab4/sv/rev_1/sobel_top.srr"
Running: timing in foreground

running timing analysis on /home/icl5712/GitHub/CE387/Lab4/sv/rev_1/sobel_top.srd

Running: timing (Timing Analysis) on proj_1|rev_1
# Sun Feb  9 02:06:46 2025

timing completed with warnings
# Sun Feb  9 02:06:54 2025

Return Code: 1
Run Time:00h:00m:08s
INFO:  Running with: effort = high, paths per endpoint = 1, sorted by = slack, QOR mode = 1 
 
INFO:  Exiting after *.itd file creation, correlation check not run. 
 
0
/home/icl5712/GitHub/CE387/Lab4/sv/rev_1/sdc_verif_slack.xml /home/icl5712/GitHub/CE387/Lab4/sv/rev_1/sdc_verif_slack_match.xmlexit status=0
License checkin: synplifypremierdp
