/vol/synopsys/fpga/O-2018.09-SP1/bin/c_hdl  -osyn  /home/icl5712/GitHub/CE387/Lab6/sv/rev_1/synwork/cordic_comp.srs  -hdllog  /home/icl5712/GitHub/CE387/Lab6/sv/rev_1/synlog/cordic_compiler.srr  -encrypt  -mp  4  -prodtype  synplify_premier  -licensetype  synplifypremierdp  -distcompmode 1 -verification_mode 0  -verilog  -prodtype  synplify_premier  -verification_mode 0 -infer_seqShift -primux -fixsmult -dspmac -nram -divnmod -continue_on_error -nostructver   -I /home/icl5712/GitHub/CE387/Lab6/sv/  -I /vol/synopsys/fpga/O-2018.09-SP1/lib   -sysv  -devicelib  /vol/synopsys/fpga/O-2018.09-SP1/lib/altera/altera.v  -devicelib  /vol/synopsys/fpga/O-2018.09-SP1/lib/altera/quartus_prime181/cycloneive.v  -devicelib  /vol/synopsys/fpga/O-2018.09-SP1/lib/altera/quartus_prime181/altera_mf.v  -devicelib  /vol/synopsys/fpga/O-2018.09-SP1/lib/altera/quartus_prime181/altera_lpm.v  -devicelib  /vol/synopsys/fpga/O-2018.09-SP1/lib/altera/quartus_prime181/altera_primitives.v  -encrypt  -pro  -dmgen  /home/icl5712/GitHub/CE387/Lab6/sv/rev_1/dm  -auto_infer_blackbox 0 -proto -ui -fid2 -ram -sharing on -ll 2000 -autosm  -D_MULTIPLE_FILE_COMPILATION_UNIT_  -fast_synthesis 0  -lib work -fsysv /home/icl5712/GitHub/CE387/Lab6/sv/fifo.sv -lib work -fsysv /home/icl5712/GitHub/CE387/Lab6/sv/cordic_top.sv -lib work -fsysv /home/icl5712/GitHub/CE387/Lab6/sv/cordic_stage.sv -lib work -fsysv /home/icl5712/GitHub/CE387/Lab6/sv/cordic.sv  -jobname  "compiler" 
relcom:/vol/synopsys/fpga/O-2018.09-SP1/bin/c_hdl -osyn ../synwork/cordic_comp.srs -hdllog ../synlog/cordic_compiler.srr -encrypt -mp 4 -prodtype synplify_premier -licensetype synplifypremierdp -distcompmode 1 -verification_mode 0 -verilog -prodtype synplify_premier -verification_mode 0 -infer_seqShift -primux -fixsmult -dspmac -nram -divnmod -continue_on_error -nostructver -I ../../ -I /vol/synopsys/fpga/O-2018.09-SP1/lib -sysv -devicelib /vol/synopsys/fpga/O-2018.09-SP1/lib/altera/altera.v -devicelib /vol/synopsys/fpga/O-2018.09-SP1/lib/altera/quartus_prime181/cycloneive.v -devicelib /vol/synopsys/fpga/O-2018.09-SP1/lib/altera/quartus_prime181/altera_mf.v -devicelib /vol/synopsys/fpga/O-2018.09-SP1/lib/altera/quartus_prime181/altera_lpm.v -devicelib /vol/synopsys/fpga/O-2018.09-SP1/lib/altera/quartus_prime181/altera_primitives.v -encrypt -pro -dmgen ../dm -auto_infer_blackbox 0 -proto -ui -fid2 -ram -sharing on -ll 2000 -autosm -D_MULTIPLE_FILE_COMPILATION_UNIT_ -fast_synthesis 0 -lib work -fsysv ../../fifo.sv -lib work -fsysv ../../cordic_top.sv -lib work -fsysv ../../cordic_stage.sv -lib work -fsysv ../../cordic.sv -jobname "compiler"
rc:0 success:1 runtime:5
file:../synwork/cordic_comp.srs|io:o|time:1740641697|size:40706|exec:0|csum:
file:../synlog/cordic_compiler.srr|io:o|time:1740641697|size:23684|exec:0|csum:
file:/vol/synopsys/fpga/O-2018.09-SP1/lib/altera/altera.v|io:i|time:1543381811|size:761|exec:0|csum:530DBF8BEE396EFE8B33F0255371F1EA
file:/vol/synopsys/fpga/O-2018.09-SP1/lib/altera/quartus_prime181/cycloneive.v|io:i|time:1543381840|size:248626|exec:0|csum:B7FC851277DB49C2CA5F418047EB2E4F
file:/vol/synopsys/fpga/O-2018.09-SP1/lib/altera/quartus_prime181/altera_mf.v|io:i|time:1543381839|size:2618882|exec:0|csum:84794777C52804010B1D63698E285DB9
file:/vol/synopsys/fpga/O-2018.09-SP1/lib/altera/quartus_prime181/altera_lpm.v|io:i|time:1543381839|size:14867|exec:0|csum:01D82E1D5975CD832C9D765243E5182D
file:/vol/synopsys/fpga/O-2018.09-SP1/lib/altera/quartus_prime181/altera_primitives.v|io:i|time:1543381839|size:35286|exec:0|csum:C0AAD8CA21730C472D624582C058B929
file:./-fsysv|io:i|time:0|size:-1|exec:0|csum:
file:../../fifo.sv|io:i|time:1740626238|size:2351|exec:0|csum:AFA888814B781A449C5B81ECCDD03FFB
file:./-fsysv|io:i|time:0|size:-1|exec:0|csum:
file:../../cordic_top.sv|io:i|time:1740625905|size:2164|exec:0|csum:052358DF78FB6F7F82FD5266A8C32A8A
file:./-fsysv|io:i|time:0|size:-1|exec:0|csum:
file:../../cordic_stage.sv|io:i|time:1740625930|size:1299|exec:0|csum:1598128CC3E065BC00A174A91DA2CCAD
file:./-fsysv|io:i|time:0|size:-1|exec:0|csum:
file:../../cordic.sv|io:i|time:1740626022|size:2802|exec:0|csum:68EC67962C702D558709229C93A09823
file:/vol/synopsys/fpga/O-2018.09-SP1/linux_a_64/c_hdl|io:i|time:1543382462|size:8760008|exec:1|csum:CF968C540087EF9F5288FFCDBF191EA5
file:/vol/synopsys/fpga/O-2018.09-SP1/bin/c_hdl|io:i|time:1543382354|size:367|exec:1|csum:E52A0D56112AD6C22F02B648B6F508CE
