
Copyright (C) 1994-2018 Synopsys, Inc.
This Synopsys software and all associated documentation are proprietary to Synopsys, Inc.
and may only be used pursuant to the terms and conditions of a written license agreement
with Synopsys, Inc. All other use, reproduction, modification, or distribution of the
Synopsys software or the associated documentation is strictly prohibited.
Tool: Synplify (R) Premier
Build: O-2018.09-SP1
Install: /vol/synopsys/fpga/O-2018.09-SP1
OS: Red Hat Enterprise Linux 8.10 (Ootpa)
Hostname: moore.wot.eecs.northwestern.edu
max virtual memory: unlimited (bytes)
max user processes: 1028009
max stack size: 8388608 (bytes)


Implementation : rev_3

# Written on Wed Jan 29 01:08:54 2025

##### DESIGN INFO #######################################################

Top View:                "motion_detect_top"
Constraint File(s):      (none)




##### SUMMARY ############################################################

Found 0 issues in 0 out of 0 constraints


##### DETAILS ############################################################



Clock Relationships
*******************

Starting                  Ending                    |     rise to rise     |     fall to fall     |     rise to fall     |     fall to rise                     
---------------------------------------------------------------------------------------------------------------------------------------------------------------
System                    motion_detect_top|clk     |     3.286            |     No paths         |     No paths         |     No paths                         
motion_detect_top|clk     System                    |     3.286            |     No paths         |     No paths         |     No paths                         
motion_detect_top|clk     motion_detect_top|clk     |     3.286            |     No paths         |     No paths         |     No paths                         
===============================================================================================================================================================
 Note: 'No paths' indicates there are no paths in the design for that pair of clock edges.
       'Diff grp' indicates that paths exist but the starting clock and ending clock are in different clock groups.


Unconstrained Start/End Points
******************************

p:bg_din[0]
p:bg_din[1]
p:bg_din[2]
p:bg_din[3]
p:bg_din[4]
p:bg_din[5]
p:bg_din[6]
p:bg_din[7]
p:bg_din[8]
p:bg_din[9]
p:bg_din[10]
p:bg_din[11]
p:bg_din[12]
p:bg_din[13]
p:bg_din[14]
p:bg_din[15]
p:bg_din[16]
p:bg_din[17]
p:bg_din[18]
p:bg_din[19]
p:bg_din[20]
p:bg_din[21]
p:bg_din[22]
p:bg_din[23]
p:bg_din[24]
p:bg_din[25]
p:bg_din[26]
p:bg_din[27]
p:bg_din[28]
p:bg_din[29]
p:bg_din[30]
p:bg_din[31]
p:bg_full
p:bg_wr_en
p:final_dout[0]
p:final_dout[1]
p:final_dout[2]
p:final_dout[3]
p:final_dout[4]
p:final_dout[5]
p:final_dout[6]
p:final_dout[7]
p:final_dout[8]
p:final_dout[9]
p:final_dout[10]
p:final_dout[11]
p:final_dout[12]
p:final_dout[13]
p:final_dout[14]
p:final_dout[15]
p:final_dout[16]
p:final_dout[17]
p:final_dout[18]
p:final_dout[19]
p:final_dout[20]
p:final_dout[21]
p:final_dout[22]
p:final_dout[23]
p:final_dout[24]
p:final_dout[25]
p:final_dout[26]
p:final_dout[27]
p:final_dout[28]
p:final_dout[29]
p:final_dout[30]
p:final_dout[31]
p:final_empty
p:final_rd_en
p:frame_din2[0]
p:frame_din2[1]
p:frame_din2[2]
p:frame_din2[3]
p:frame_din2[4]
p:frame_din2[5]
p:frame_din2[6]
p:frame_din2[7]
p:frame_din2[8]
p:frame_din2[9]
p:frame_din2[10]
p:frame_din2[11]
p:frame_din2[12]
p:frame_din2[13]
p:frame_din2[14]
p:frame_din2[15]
p:frame_din2[16]
p:frame_din2[17]
p:frame_din2[18]
p:frame_din2[19]
p:frame_din2[20]
p:frame_din2[21]
p:frame_din2[22]
p:frame_din2[23]
p:frame_din2[24]
p:frame_din2[25]
p:frame_din2[26]
p:frame_din2[27]
p:frame_din2[28]
p:frame_din2[29]
p:frame_din2[30]
p:frame_din2[31]
p:frame_din[0]
p:frame_din[1]
p:frame_din[2]
p:frame_din[3]
p:frame_din[4]
p:frame_din[5]
p:frame_din[6]
p:frame_din[7]
p:frame_din[8]
p:frame_din[9]
p:frame_din[10]
p:frame_din[11]
p:frame_din[12]
p:frame_din[13]
p:frame_din[14]
p:frame_din[15]
p:frame_din[16]
p:frame_din[17]
p:frame_din[18]
p:frame_din[19]
p:frame_din[20]
p:frame_din[21]
p:frame_din[22]
p:frame_din[23]
p:frame_din[24]
p:frame_din[25]
p:frame_din[26]
p:frame_din[27]
p:frame_din[28]
p:frame_din[29]
p:frame_din[30]
p:frame_din[31]
p:frame_full
p:frame_full2
p:frame_wr_en
p:frame_wr_en2
p:reset


Inapplicable constraints
************************

(none)


Applicable constraints with issues
**********************************

(none)


Constraints with matching wildcard expressions
**********************************************

(none)


Library Report
**************


# End of Constraint Checker Report
