
                             Synplify (R) Premier 

                Version O-2018.09-SP1 for RHEL64 - Nov 27, 2018 

                    Copyright (c) 1988 - 2018 Synopsys, Inc.
   This software and the associated documentation are proprietary to Synopsys,
 Inc. This software may only be used in accordance with the terms and conditions
 of a written license agreement with Synopsys, Inc. All other use, reproduction,
            or distribution of this software is strictly prohibited.

Starting:    /vol/synopsys/fpga/O-2018.09-SP1/linux_a_64/mbin/synplify
Install:     /vol/synopsys/fpga/O-2018.09-SP1
Hostname:    moore.wot.eecs.northwestern.edu
Date:        Thu Mar 13 21:23:51 2025
Version:     O-2018.09-SP1

Arguments:   -product synplify_premier
ProductType: synplify_premier

License checkout: synplifypremierdp
License: synplifypremierdp from server synopsyslm.ece.northwestern.edu (Using premium license)
Licensed Vendor: All FPGA
License Option: ident



log file: "/home/icl5712/GitHub/CE387/Lab6/sv/rev_7/fir.srr"
Running: rev_7 in foreground

Running proj_1|rev_7

Running Flow: compile (Compile) on proj_1|rev_7
# Thu Mar 13 21:24:06 2025

Running Flow: compile_flow (Compile Process) on proj_1|rev_7
# Thu Mar 13 21:24:06 2025
License granted for 4 parallel jobs

Running: compiler (Compile Input) on proj_1|rev_7
# Thu Mar 13 21:24:06 2025
Copied /home/icl5712/GitHub/CE387/Lab6/sv/rev_7/synwork/fir_comp.srs to /home/icl5712/GitHub/CE387/Lab6/sv/rev_7/fir.srs

compiler completed
# Thu Mar 13 21:24:10 2025

Return Code: 0
Run Time:00h:00m:04s

Running: multi_srs_gen (Multi-srs Generator) on proj_1|rev_7
# Thu Mar 13 21:24:10 2025

multi_srs_gen completed
# Thu Mar 13 21:24:10 2025

Return Code: 0
Run Time:00h:00m:00s
Copied /home/icl5712/GitHub/CE387/Lab6/sv/rev_7/synwork/fir_mult.srs to /home/icl5712/GitHub/CE387/Lab6/sv/rev_7/fir.srs
Complete: Compile Process on proj_1|rev_7

Running: premap (Premap) on proj_1|rev_7
# Thu Mar 13 21:24:10 2025

premap completed with warnings
# Thu Mar 13 21:24:11 2025

Return Code: 1
Run Time:00h:00m:01s
Complete: Compile on proj_1|rev_7

Running Flow: map (Map) on proj_1|rev_7
# Thu Mar 13 21:24:11 2025
License granted for 4 parallel jobs

Running: fpga_mapper (Map & Optimize) on proj_1|rev_7
# Thu Mar 13 21:24:11 2025
Copied /home/icl5712/GitHub/CE387/Lab6/sv/rev_7/synwork/fir_m.srm to /home/icl5712/GitHub/CE387/Lab6/sv/rev_7/fir.srm

fpga_mapper completed with warnings
# Thu Mar 13 21:24:12 2025

Return Code: 1
Run Time:00h:00m:01s
Complete: Map on proj_1|rev_7
Complete: Logic Synthesis on proj_1|rev_7
0exit status=0
License checkin: synplifypremierdp
