
                             Synplify (R) Premier 

                Version O-2018.09-SP1 for RHEL64 - Nov 27, 2018 

                    Copyright (c) 1988 - 2018 Synopsys, Inc.
   This software and the associated documentation are proprietary to Synopsys,
 Inc. This software may only be used in accordance with the terms and conditions
 of a written license agreement with Synopsys, Inc. All other use, reproduction,
            or distribution of this software is strictly prohibited.

Starting:    /vol/synopsys/fpga/O-2018.09-SP1/linux_a_64/mbin/synplify
Install:     /vol/synopsys/fpga/O-2018.09-SP1
Hostname:    moore.wot.eecs.northwestern.edu
Date:        Wed Jan 29 01:08:18 2025
Version:     O-2018.09-SP1

Arguments:   -product synplify_premier
ProductType: synplify_premier

License checkout: synplifypremierdp
License: synplifypremierdp from server synopsyslm.ece.northwestern.edu (Using premium license)
Licensed Vendor: All FPGA
License Option: ident



/home/icl5712/GitHub/CE387/Lab3/proj_1.prjlog file: "/home/icl5712/GitHub/CE387/Lab3/rev_3/background_subtract.srr"
Running: rev_3 in foreground

Running proj_1|rev_3

Running Flow: compile (Compile) on proj_1|rev_3
# Wed Jan 29 01:08:49 2025

Running Flow: compile_flow (Compile Process) on proj_1|rev_3
# Wed Jan 29 01:08:49 2025
License granted for 4 parallel jobs

Running: compiler (Compile Input) on proj_1|rev_3
# Wed Jan 29 01:08:49 2025
Copied /home/icl5712/GitHub/CE387/Lab3/rev_3/synwork/background_subtract_comp.srs to /home/icl5712/GitHub/CE387/Lab3/rev_3/background_subtract.srs

compiler completed
# Wed Jan 29 01:08:53 2025

Return Code: 0
Run Time:00h:00m:04s

Running: multi_srs_gen (Multi-srs Generator) on proj_1|rev_3
# Wed Jan 29 01:08:53 2025

multi_srs_gen completed
# Wed Jan 29 01:08:54 2025

Return Code: 0
Run Time:00h:00m:01s
Copied /home/icl5712/GitHub/CE387/Lab3/rev_3/synwork/background_subtract_mult.srs to /home/icl5712/GitHub/CE387/Lab3/rev_3/background_subtract.srs
Complete: Compile Process on proj_1|rev_3

Running: premap (Premap) on proj_1|rev_3
# Wed Jan 29 01:08:54 2025

premap completed with warnings
# Wed Jan 29 01:08:54 2025

Return Code: 1
Run Time:00h:00m:00s
Complete: Compile on proj_1|rev_3

Running Flow: map (Map) on proj_1|rev_3
# Wed Jan 29 01:08:54 2025
License granted for 4 parallel jobs

Running: fpga_mapper (Map & Optimize) on proj_1|rev_3
# Wed Jan 29 01:08:54 2025
Copied /home/icl5712/GitHub/CE387/Lab3/rev_3/synwork/background_subtract_m.srm to /home/icl5712/GitHub/CE387/Lab3/rev_3/background_subtract.srm

fpga_mapper completed with warnings
# Wed Jan 29 01:09:00 2025

Return Code: 1
Run Time:00h:00m:06s
Complete: Map on proj_1|rev_3
Complete: Logic Synthesis on proj_1|rev_3
01WARNING:  No database file, or it is out of date.
INFO:  Resetting Correlation database
WARNING:  No database file, or it is out of date.
INFO:  Target Implementation: /home/icl5712/GitHub/CE387/Lab3/proj_1.prj|rev_3
INFO:  **** *_synplify.sdc verification mode  *****
Copied /home/icl5712/GitHub/CE387/Lab3/rev_3/background_subtract.srr to /home/icl5712/GitHub/CE387/Lab3/rev_3/backup/background_subtract.srr
log file: "/home/icl5712/GitHub/CE387/Lab3/rev_3/background_subtract.srr"
Running: timing in foreground

running timing analysis on /home/icl5712/GitHub/CE387/Lab3/rev_3/background_subtract.srd

Running: timing (Timing Analysis) on proj_1|rev_3
# Wed Jan 29 01:11:17 2025

timing completed with warnings
# Wed Jan 29 01:11:18 2025

Return Code: 1
Run Time:00h:00m:01s
INFO:  Running with: effort = high, paths per endpoint = 1, sorted by = slack, QOR mode = 1 
 
INFO:  Exiting after *.itd file creation, correlation check not run. 
 
0
/home/icl5712/GitHub/CE387/Lab3/rev_3/sdc_verif_slack.xml /home/icl5712/GitHub/CE387/Lab3/rev_3/sdc_verif_slack_match.xmlexit status=0
License checkin: synplifypremierdp
